<?xml version="1.0" encoding="UTF-8"?>
<testng-results skipped="0" failed="0" total="1" passed="1">
  <reporter-output>
  </reporter-output>
  <suite name="TourCompany" duration-ms="35" started-at="2015-06-15T20:40:39Z" finished-at="2015-06-15T20:40:39Z">
    <groups>
    </groups>
    <test name="TestNG tests" duration-ms="35" started-at="2015-06-15T20:40:39Z" finished-at="2015-06-15T20:40:39Z">
      <class name="web.DataValidateNGTest">
        <test-method status="PASS" signature="testValidate()[pri:0, instance:web.DataValidateNGTest@77ab81]" name="testValidate" duration-ms="25" started-at="2015-06-16T02:10:39Z" finished-at="2015-06-16T02:10:39Z">
          <reporter-output>
          </reporter-output>
        </test-method> <!-- testValidate -->
      </class> <!-- web.DataValidateNGTest -->
    </test> <!-- TestNG tests -->
  </suite> <!-- TourCompany -->
</testng-results>
